[FedAWA] round=001 test_accuracy=0.4994 test_loss=0.6945 alignment_mean=0.0000
[FedAWA] round=002 test_accuracy=0.5000 test_loss=0.8115 alignment_mean=0.0217
[FedAWA] round=003 test_accuracy=0.5000 test_loss=1.1654 alignment_mean=-0.5431
[FedAWA] round=004 test_accuracy=0.5000 test_loss=1.3418 alignment_mean=-0.7595
[FedAWA] round=005 test_accuracy=0.5000 test_loss=0.7074 alignment_mean=-0.8613
[FedAWA] round=006 test_accuracy=0.5000 test_loss=0.7125 alignment_mean=0.2394
[FedAWA] round=007 test_accuracy=0.5000 test_loss=0.9650 alignment_mean=-0.2027
[FedAWA] round=008 test_accuracy=0.5000 test_loss=1.2145 alignment_mean=-0.3864
[FedAWA] round=009 test_accuracy=0.5000 test_loss=1.5959 alignment_mean=-0.5414
[FedAWA] round=010 test_accuracy=0.5000 test_loss=2.0992 alignment_mean=-0.7424
[FedAWA] round=011 test_accuracy=0.5000 test_loss=2.3407 alignment_mean=-0.7576
[FedAWA] round=012 test_accuracy=0.5000 test_loss=2.4302 alignment_mean=-0.7598
[FedAWA] round=013 test_accuracy=0.5000 test_loss=2.4520 alignment_mean=-0.7096
[FedAWA] round=014 test_accuracy=0.5000 test_loss=2.4523 alignment_mean=-0.4893
[FedAWA] round=015 test_accuracy=0.5000 test_loss=2.4249 alignment_mean=0.0202
[FedAWA] round=016 test_accuracy=0.5008 test_loss=0.6942 alignment_mean=0.4212
[FedAWA] round=017 test_accuracy=0.5000 test_loss=0.7746 alignment_mean=-0.1576
[FedAWA] round=018 test_accuracy=0.5000 test_loss=0.9603 alignment_mean=-0.4425
[FedAWA] round=019 test_accuracy=0.5000 test_loss=1.3851 alignment_mean=-0.6851
[FedAWA] round=020 test_accuracy=0.5000 test_loss=0.6947 alignment_mean=-0.8254
[FedAWA] round=021 test_accuracy=0.5000 test_loss=0.7762 alignment_mean=0.2020
[FedAWA] round=022 test_accuracy=0.5000 test_loss=1.1887 alignment_mean=-0.3766
[FedAWA] round=023 test_accuracy=0.5000 test_loss=1.8590 alignment_mean=-0.5661
[FedAWA] round=024 test_accuracy=0.5000 test_loss=2.2926 alignment_mean=-0.7564
[FedAWA] round=025 test_accuracy=0.5000 test_loss=2.3930 alignment_mean=-0.7604
[FedAWA] round=026 test_accuracy=0.5000 test_loss=2.4560 alignment_mean=-0.7292
[FedAWA] round=027 test_accuracy=0.5000 test_loss=2.4736 alignment_mean=-0.7475
[FedAWA] round=028 test_accuracy=0.5000 test_loss=2.4764 alignment_mean=-0.2678
[FedAWA] round=029 test_accuracy=0.5000 test_loss=2.4801 alignment_mean=0.0119
[FedAWA] round=030 test_accuracy=0.5000 test_loss=2.4884 alignment_mean=-0.0763
[FedAWA] round=031 test_accuracy=0.5000 test_loss=2.5051 alignment_mean=-0.1012
[FedAWA] round=032 test_accuracy=0.5000 test_loss=2.4557 alignment_mean=-0.2289
[FedAWA] round=033 test_accuracy=0.5010 test_loss=0.6929 alignment_mean=0.5558
[FedAWA] round=034 test_accuracy=0.5000 test_loss=0.7805 alignment_mean=-0.2649
[FedAWA] round=035 test_accuracy=0.5000 test_loss=0.9258 alignment_mean=-0.4154
[FedAWA] round=036 test_accuracy=0.5000 test_loss=1.2680 alignment_mean=-0.6625
[FedAWA] round=037 test_accuracy=0.5000 test_loss=1.3750 alignment_mean=-0.7377
[FedAWA] round=038 test_accuracy=0.5000 test_loss=1.4024 alignment_mean=-0.6375
[FedAWA] round=039 test_accuracy=0.5000 test_loss=1.4081 alignment_mean=-0.2938
[FedAWA] round=040 test_accuracy=0.5000 test_loss=1.3644 alignment_mean=-0.0627
[FedAWA] round=041 test_accuracy=0.5000 test_loss=0.7102 alignment_mean=0.4898
[FedAWA] round=042 test_accuracy=0.5000 test_loss=0.7760 alignment_mean=0.3266
[FedAWA] round=043 test_accuracy=0.5000 test_loss=1.1924 alignment_mean=-0.3424
[FedAWA] round=044 test_accuracy=0.5000 test_loss=1.9202 alignment_mean=-0.5638
[FedAWA] round=045 test_accuracy=0.5000 test_loss=2.3021 alignment_mean=-0.7630
[FedAWA] round=046 test_accuracy=0.5000 test_loss=2.4052 alignment_mean=-0.7592
[FedAWA] round=047 test_accuracy=0.5000 test_loss=2.4715 alignment_mean=-0.7682
[FedAWA] round=048 test_accuracy=0.5000 test_loss=2.4897 alignment_mean=-0.6892
[FedAWA] round=049 test_accuracy=0.5000 test_loss=2.5002 alignment_mean=-0.3977
[FedAWA] round=050 test_accuracy=0.5298 test_loss=0.6915 alignment_mean=-0.2295
FedAWA metrics written to: artifacts/metrics/fedawa/metrics.csv
FedAWA snapshots written to: artifacts/models/fedawa
FedAWA plot written to: artifacts/plots/fedawa/accuracy_vs_rounds.png
FedAvg vs FedAWA plot written to: artifacts/plots/comparison/fedavg_vs_fedawa_accuracy.png